[DEBUG] 2020-09-28 22:02:08.171 [main] GenericDao - Searching for entities with name = Aliquet
[DEBUG] 2020-09-28 22:02:08.328 [main] GenericDao - propertyname = Aenean Company
[DEBUG] 2020-09-28 22:02:08.624 [main] GenericDao - Searching for entities with state = w
[DEBUG] 2020-09-28 22:02:08.718 [main] GenericDao - propertystate = wi
[DEBUG] 2020-09-28 22:02:08.984 [main] GenericDao - Searching for entities with firstName = h
[DEBUG] 2020-09-28 22:02:09.250 [main] GenericDao - propertylastName = Fusco
[DEBUG] 2020-09-28 22:02:09.312 [main] GenericDao - propertyfirstName = Alexander
[DEBUG] 2020-09-28 22:02:09.390 [main] GenericDao - propertyfirstName = hadley
[DEBUG] 2020-09-28 22:02:10.312 [main] GenericDao - propertyremoved = 0
[DEBUG] 2020-09-28 22:02:10.641 [main] GenericDao - propertyclosed = false
[DEBUG] 2020-09-28 22:02:23.710 [main] GenericDao - Searching for entities with name = Aliquet
[DEBUG] 2020-09-28 22:02:23.898 [main] GenericDao - propertyname = Aenean Company
[DEBUG] 2020-09-28 22:02:24.195 [main] GenericDao - Searching for entities with state = w
[DEBUG] 2020-09-28 22:02:24.273 [main] GenericDao - propertystate = wi
[DEBUG] 2020-09-28 22:02:24.570 [main] GenericDao - Searching for entities with firstName = h
[DEBUG] 2020-09-28 22:02:24.851 [main] GenericDao - propertylastName = Fusco
[DEBUG] 2020-09-28 22:02:24.929 [main] GenericDao - propertyfirstName = Alexander
[DEBUG] 2020-09-28 22:02:24.992 [main] GenericDao - propertyfirstName = hadley
[DEBUG] 2020-09-28 22:02:25.961 [main] GenericDao - propertyremoved = 0
[DEBUG] 2020-09-28 22:02:26.274 [main] GenericDao - propertyclosed = false
